mode: atomic
github.com/etiennecoutaud/demo-controller/internal/controller/sync.go:16.52,18.16 2 5
github.com/etiennecoutaud/demo-controller/internal/controller/sync.go:23.2,24.16 2 5
github.com/etiennecoutaud/demo-controller/internal/controller/sync.go:33.2,34.28 2 5
github.com/etiennecoutaud/demo-controller/internal/controller/sync.go:38.2,38.16 1 5
github.com/etiennecoutaud/demo-controller/internal/controller/sync.go:42.2,42.45 1 5
github.com/etiennecoutaud/demo-controller/internal/controller/sync.go:48.2,48.81 1 4
github.com/etiennecoutaud/demo-controller/internal/controller/sync.go:53.2,54.43 2 4
github.com/etiennecoutaud/demo-controller/internal/controller/sync.go:59.2,59.16 1 4
github.com/etiennecoutaud/demo-controller/internal/controller/sync.go:63.2,64.16 2 4
github.com/etiennecoutaud/demo-controller/internal/controller/sync.go:68.2,69.12 2 4
github.com/etiennecoutaud/demo-controller/internal/controller/sync.go:18.16,21.3 2 0
github.com/etiennecoutaud/demo-controller/internal/controller/sync.go:24.16,25.29 1 0
github.com/etiennecoutaud/demo-controller/internal/controller/sync.go:30.3,30.13 1 0
github.com/etiennecoutaud/demo-controller/internal/controller/sync.go:25.29,28.4 2 0
github.com/etiennecoutaud/demo-controller/internal/controller/sync.go:34.28,36.3 1 1
github.com/etiennecoutaud/demo-controller/internal/controller/sync.go:38.16,40.3 1 0
github.com/etiennecoutaud/demo-controller/internal/controller/sync.go:42.45,46.3 3 1
github.com/etiennecoutaud/demo-controller/internal/controller/sync.go:48.81,51.3 2 1
github.com/etiennecoutaud/demo-controller/internal/controller/sync.go:54.43,57.3 2 1
github.com/etiennecoutaud/demo-controller/internal/controller/sync.go:59.16,61.3 1 0
github.com/etiennecoutaud/demo-controller/internal/controller/sync.go:64.16,66.3 1 0
github.com/etiennecoutaud/demo-controller/internal/controller/sync.go:72.90,73.61 1 4
github.com/etiennecoutaud/demo-controller/internal/controller/sync.go:78.2,78.27 1 0
github.com/etiennecoutaud/demo-controller/internal/controller/sync.go:73.61,74.23 1 4
github.com/etiennecoutaud/demo-controller/internal/controller/sync.go:74.23,76.4 1 4
github.com/etiennecoutaud/demo-controller/internal/controller/sync.go:81.60,114.2 2 10
github.com/etiennecoutaud/demo-controller/internal/controller/sync.go:116.104,119.51 1 4
github.com/etiennecoutaud/demo-controller/internal/controller/sync.go:126.2,126.12 1 3
github.com/etiennecoutaud/demo-controller/internal/controller/sync.go:119.51,125.3 5 1
github.com/etiennecoutaud/demo-controller/internal/controller/controller.go:56.65,80.42 9 5
github.com/etiennecoutaud/demo-controller/internal/controller/controller.go:90.2,92.42 1 5
github.com/etiennecoutaud/demo-controller/internal/controller/controller.go:103.2,103.19 1 5
github.com/etiennecoutaud/demo-controller/internal/controller/controller.go:80.42,83.56 3 0
github.com/etiennecoutaud/demo-controller/internal/controller/controller.go:86.4,86.38 1 0
github.com/etiennecoutaud/demo-controller/internal/controller/controller.go:83.56,85.5 1 0
github.com/etiennecoutaud/demo-controller/internal/controller/controller.go:92.42,95.58 3 0
github.com/etiennecoutaud/demo-controller/internal/controller/controller.go:98.4,98.32 1 0
github.com/etiennecoutaud/demo-controller/internal/controller/controller.go:95.58,97.5 1 0
github.com/etiennecoutaud/demo-controller/internal/controller/controller.go:106.69,115.90 5 0
github.com/etiennecoutaud/demo-controller/internal/controller/controller.go:119.2,120.31 2 0
github.com/etiennecoutaud/demo-controller/internal/controller/controller.go:124.2,128.12 4 0
github.com/etiennecoutaud/demo-controller/internal/controller/controller.go:115.90,117.3 1 0
github.com/etiennecoutaud/demo-controller/internal/controller/controller.go:120.31,122.3 1 0
github.com/etiennecoutaud/demo-controller/internal/controller/controller.go:131.34,132.30 1 0
github.com/etiennecoutaud/demo-controller/internal/controller/controller.go:132.31,133.3 0 0
github.com/etiennecoutaud/demo-controller/internal/controller/controller.go:138.49,141.14 2 0
github.com/etiennecoutaud/demo-controller/internal/controller/controller.go:145.2,145.37 1 0
github.com/etiennecoutaud/demo-controller/internal/controller/controller.go:168.2,168.16 1 0
github.com/etiennecoutaud/demo-controller/internal/controller/controller.go:173.2,173.13 1 0
github.com/etiennecoutaud/demo-controller/internal/controller/controller.go:141.14,143.3 1 0
github.com/etiennecoutaud/demo-controller/internal/controller/controller.go:145.37,149.34 4 0
github.com/etiennecoutaud/demo-controller/internal/controller/controller.go:156.3,156.44 1 0
github.com/etiennecoutaud/demo-controller/internal/controller/controller.go:163.3,165.13 3 0
github.com/etiennecoutaud/demo-controller/internal/controller/controller.go:149.34,153.4 3 0
github.com/etiennecoutaud/demo-controller/internal/controller/controller.go:156.44,160.4 2 0
github.com/etiennecoutaud/demo-controller/internal/controller/controller.go:168.16,171.3 2 0
github.com/etiennecoutaud/demo-controller/internal/controller/controller.go:176.58,179.60 3 0
github.com/etiennecoutaud/demo-controller/internal/controller/controller.go:183.2,183.22 1 0
github.com/etiennecoutaud/demo-controller/internal/controller/controller.go:179.60,182.3 2 0
github.com/etiennecoutaud/demo-controller/internal/controller/controller.go:186.52,189.43 3 0
github.com/etiennecoutaud/demo-controller/internal/controller/controller.go:202.2,203.65 2 0
github.com/etiennecoutaud/demo-controller/internal/controller/controller.go:189.43,191.10 2 0
github.com/etiennecoutaud/demo-controller/internal/controller/controller.go:195.3,196.10 2 0
github.com/etiennecoutaud/demo-controller/internal/controller/controller.go:200.3,200.84 1 0
github.com/etiennecoutaud/demo-controller/internal/controller/controller.go:191.10,194.4 2 0
github.com/etiennecoutaud/demo-controller/internal/controller/controller.go:196.10,199.4 2 0
github.com/etiennecoutaud/demo-controller/internal/controller/controller.go:203.65,206.37 1 0
github.com/etiennecoutaud/demo-controller/internal/controller/controller.go:210.3,211.17 2 0
github.com/etiennecoutaud/demo-controller/internal/controller/controller.go:216.3,217.9 2 0
github.com/etiennecoutaud/demo-controller/internal/controller/controller.go:206.37,208.4 1 0
github.com/etiennecoutaud/demo-controller/internal/controller/controller.go:211.17,214.4 2 0
